[ 2025-06-15 00:21:13,694 ] 24 root - INFO - Entered the data ingestion method or component
[ 2025-06-15 00:21:13,711 ] 28 root - INFO - Read the dataset as dataframe
[ 2025-06-15 00:21:13,716 ] 34 root - INFO - train test split initiated
[ 2025-06-15 00:21:13,721 ] 40 root - INFO - ingestion of the data is completed
[ 2025-06-15 15:07:13,029 ] 24 root - INFO - Entered the data ingestion method or component
[ 2025-06-15 15:07:13,045 ] 27 root - INFO - Read the dataset as dataframe
[ 2025-06-15 15:07:13,050 ] 33 root - INFO - train test split initiated
[ 2025-06-15 15:07:13,057 ] 39 root - INFO - ingestion of the data is completed
[ 2025-06-15 15:41:27,500 ] 25 root - INFO - Entered the data ingestion method or component
[ 2025-06-15 15:41:27,503 ] 28 root - INFO - Read the dataset as dataframe
[ 2025-06-15 15:41:27,508 ] 34 root - INFO - train test split initiated
[ 2025-06-15 15:41:27,513 ] 40 root - INFO - ingestion of the data is completed
[ 2025-06-15 15:41:27,534 ] 66 root - INFO - Read train and test data completed
[ 2025-06-15 15:41:27,535 ] 68 root - INFO - Obtaining preprocessing object
[ 2025-06-15 15:41:27,535 ] 46 root - INFO - Numerical columns encoding completed
[ 2025-06-15 15:41:27,535 ] 47 root - INFO - Categorical columns encoding completed
[ 2025-06-15 15:41:27,535 ] 81 root - INFO - Applying preprocessing object on training and testing dataframe
[ 2025-06-15 15:45:26,382 ] 25 root - INFO - Entered the data ingestion method or component
[ 2025-06-15 15:45:26,385 ] 28 root - INFO - Read the dataset as dataframe
[ 2025-06-15 15:45:26,390 ] 34 root - INFO - train test split initiated
[ 2025-06-15 15:45:26,396 ] 40 root - INFO - ingestion of the data is completed
[ 2025-06-15 15:45:26,416 ] 66 root - INFO - Read train and test data completed
[ 2025-06-15 15:45:26,416 ] 68 root - INFO - Obtaining preprocessing object
[ 2025-06-15 15:45:26,416 ] 46 root - INFO - Numerical columns encoding completed
[ 2025-06-15 15:45:26,416 ] 47 root - INFO - Categorical columns encoding completed
[ 2025-06-15 15:45:26,418 ] 81 root - INFO - Applying preprocessing object on training and testing dataframe
[ 2025-06-15 15:45:44,242 ] 25 root - INFO - Entered the data ingestion method or component
[ 2025-06-15 15:45:44,246 ] 28 root - INFO - Read the dataset as dataframe
[ 2025-06-15 15:45:44,250 ] 34 root - INFO - train test split initiated
[ 2025-06-15 15:45:44,255 ] 40 root - INFO - ingestion of the data is completed
[ 2025-06-15 15:45:44,277 ] 66 root - INFO - Read train and test data completed
[ 2025-06-15 15:45:44,278 ] 68 root - INFO - Obtaining preprocessing object
[ 2025-06-15 15:45:44,278 ] 46 root - INFO - Numerical columns encoding completed
[ 2025-06-15 15:45:44,278 ] 47 root - INFO - Categorical columns encoding completed
[ 2025-06-15 15:45:44,278 ] 81 root - INFO - Applying preprocessing object on training and testing dataframe
[ 2025-06-15 15:53:03,962 ] 25 root - INFO - Entered the data ingestion method or component
[ 2025-06-15 15:53:03,966 ] 28 root - INFO - Read the dataset as dataframe
[ 2025-06-15 15:53:03,973 ] 34 root - INFO - train test split initiated
[ 2025-06-15 15:53:03,981 ] 40 root - INFO - ingestion of the data is completed
[ 2025-06-15 15:53:04,006 ] 66 root - INFO - Read train and test data completed
[ 2025-06-15 15:53:04,007 ] 68 root - INFO - Obtaining preprocessing object
[ 2025-06-15 15:53:04,007 ] 46 root - INFO - Numerical columns encoding completed
[ 2025-06-15 15:53:04,007 ] 47 root - INFO - Categorical columns encoding completed
[ 2025-06-15 15:53:04,008 ] 81 root - INFO - Applying preprocessing object on training and testing dataframe
[ 2025-06-15 15:53:35,282 ] 25 root - INFO - Entered the data ingestion method or component
[ 2025-06-15 15:53:35,285 ] 28 root - INFO - Read the dataset as dataframe
[ 2025-06-15 15:53:35,290 ] 34 root - INFO - train test split initiated
[ 2025-06-15 15:53:35,295 ] 40 root - INFO - ingestion of the data is completed
[ 2025-06-15 15:53:35,321 ] 66 root - INFO - Read train and test data completed
[ 2025-06-15 15:53:35,322 ] 68 root - INFO - Obtaining preprocessing object
[ 2025-06-15 15:53:35,322 ] 46 root - INFO - Numerical columns encoding completed
[ 2025-06-15 15:53:35,322 ] 47 root - INFO - Categorical columns encoding completed
[ 2025-06-15 15:53:35,323 ] 81 root - INFO - Applying preprocessing object on training and testing dataframe
[ 2025-06-15 15:54:38,636 ] 25 root - INFO - Entered the data ingestion method or component
[ 2025-06-15 15:54:38,640 ] 28 root - INFO - Read the dataset as dataframe
[ 2025-06-15 15:54:38,644 ] 34 root - INFO - train test split initiated
[ 2025-06-15 15:54:38,650 ] 40 root - INFO - ingestion of the data is completed
[ 2025-06-15 15:54:38,676 ] 66 root - INFO - Read train and test data completed
[ 2025-06-15 15:54:38,676 ] 68 root - INFO - Obtaining preprocessing object
[ 2025-06-15 15:54:38,676 ] 46 root - INFO - Numerical columns encoding completed
[ 2025-06-15 15:54:38,676 ] 47 root - INFO - Categorical columns encoding completed
[ 2025-06-15 15:54:38,677 ] 81 root - INFO - Applying preprocessing object on training and testing dataframe
[ 2025-06-15 23:32:52,330 ] 25 root - INFO - Entered the data ingestion method or component
[ 2025-06-15 23:32:52,336 ] 28 root - INFO - Read the dataset as dataframe
[ 2025-06-15 23:32:52,342 ] 34 root - INFO - train test split initiated
[ 2025-06-15 23:32:52,347 ] 40 root - INFO - ingestion of the data is completed
[ 2025-06-15 23:32:52,369 ] 66 root - INFO - Read train and test data completed
[ 2025-06-15 23:32:52,369 ] 68 root - INFO - Obtaining preprocessing object
[ 2025-06-15 23:32:52,369 ] 46 root - INFO - Numerical columns encoding completed
[ 2025-06-15 23:32:52,369 ] 47 root - INFO - Categorical columns encoding completed
[ 2025-06-15 23:32:52,370 ] 81 root - INFO - Applying preprocessing object on training and testing dataframe
[ 2025-06-15 23:34:54,663 ] 25 root - INFO - Entered the data ingestion method or component
[ 2025-06-15 23:34:54,668 ] 28 root - INFO - Read the dataset as dataframe
[ 2025-06-15 23:34:54,673 ] 34 root - INFO - train test split initiated
[ 2025-06-15 23:34:54,679 ] 40 root - INFO - ingestion of the data is completed
[ 2025-06-15 23:34:54,701 ] 66 root - INFO - Read train and test data completed
[ 2025-06-15 23:34:54,701 ] 68 root - INFO - Obtaining preprocessing object
[ 2025-06-15 23:34:54,701 ] 46 root - INFO - Numerical columns encoding completed
[ 2025-06-15 23:34:54,701 ] 47 root - INFO - Categorical columns encoding completed
[ 2025-06-15 23:34:54,702 ] 81 root - INFO - Applying preprocessing object on training and testing dataframe
[ 2025-06-15 23:36:19,035 ] 25 root - INFO - Entered the data ingestion method or component
[ 2025-06-15 23:36:19,039 ] 28 root - INFO - Read the dataset as dataframe
[ 2025-06-15 23:36:19,044 ] 34 root - INFO - train test split initiated
[ 2025-06-15 23:36:19,050 ] 40 root - INFO - ingestion of the data is completed
[ 2025-06-15 23:36:19,072 ] 66 root - INFO - Read train and test data completed
[ 2025-06-15 23:36:19,072 ] 68 root - INFO - Obtaining preprocessing object
[ 2025-06-15 23:36:19,072 ] 46 root - INFO - Numerical columns encoding completed
[ 2025-06-15 23:36:19,072 ] 47 root - INFO - Categorical columns encoding completed
[ 2025-06-15 23:36:19,073 ] 81 root - INFO - Applying preprocessing object on training and testing dataframe
[ 2025-06-15 23:41:29,814 ] 25 root - INFO - Entered the data ingestion method or component
[ 2025-06-15 23:41:29,817 ] 28 root - INFO - Read the dataset as dataframe
[ 2025-06-15 23:41:29,822 ] 34 root - INFO - train test split initiated
[ 2025-06-15 23:41:29,827 ] 40 root - INFO - ingestion of the data is completed
[ 2025-06-15 23:41:29,850 ] 66 root - INFO - Read train and test data completed
[ 2025-06-15 23:41:29,850 ] 68 root - INFO - Obtaining preprocessing object
[ 2025-06-15 23:41:29,850 ] 46 root - INFO - Numerical columns encoding completed
[ 2025-06-15 23:41:29,850 ] 47 root - INFO - Categorical columns encoding completed
[ 2025-06-15 23:41:29,851 ] 81 root - INFO - Applying preprocessing object on training and testing dataframe
[ 2025-06-15 23:44:05,625 ] 25 root - INFO - Entered the data ingestion method or component
[ 2025-06-15 23:44:05,629 ] 29 root - INFO - Read the dataset as dataframe
[ 2025-06-15 23:44:05,634 ] 35 root - INFO - train test split initiated
[ 2025-06-15 23:44:05,639 ] 41 root - INFO - ingestion of the data is completed
[ 2025-06-15 23:44:05,660 ] 66 root - INFO - Read train and test data completed
[ 2025-06-15 23:44:05,660 ] 68 root - INFO - Obtaining preprocessing object
[ 2025-06-15 23:44:05,660 ] 46 root - INFO - Numerical columns encoding completed
[ 2025-06-15 23:44:05,660 ] 47 root - INFO - Categorical columns encoding completed
[ 2025-06-15 23:44:05,661 ] 81 root - INFO - Applying preprocessing object on training and testing dataframe
[ 2025-06-15 23:45:57,354 ] 25 root - INFO - Entered the data ingestion method or component
[ 2025-06-15 23:45:57,360 ] 28 root - INFO - Read the dataset as dataframe
[ 2025-06-15 23:45:57,364 ] 34 root - INFO - train test split initiated
[ 2025-06-15 23:45:57,370 ] 40 root - INFO - ingestion of the data is completed
[ 2025-06-15 23:45:57,393 ] 66 root - INFO - Read train and test data completed
[ 2025-06-15 23:45:57,393 ] 68 root - INFO - Obtaining preprocessing object
[ 2025-06-15 23:45:57,393 ] 46 root - INFO - Numerical columns encoding completed
[ 2025-06-15 23:45:57,393 ] 47 root - INFO - Categorical columns encoding completed
[ 2025-06-15 23:45:57,394 ] 81 root - INFO - Applying preprocessing object on training and testing dataframe
[ 2025-06-15 23:47:12,452 ] 25 root - INFO - Entered the data ingestion method or component
[ 2025-06-15 23:47:12,457 ] 28 root - INFO - Read the dataset as dataframe
[ 2025-06-15 23:47:12,461 ] 34 root - INFO - train test split initiated
[ 2025-06-15 23:47:12,466 ] 40 root - INFO - ingestion of the data is completed
[ 2025-06-15 23:47:12,489 ] 66 root - INFO - Read train and test data completed
[ 2025-06-15 23:47:12,489 ] 68 root - INFO - Obtaining preprocessing object
[ 2025-06-15 23:47:12,489 ] 46 root - INFO - Numerical columns encoding completed
[ 2025-06-15 23:47:12,490 ] 47 root - INFO - Categorical columns encoding completed
[ 2025-06-15 23:47:12,490 ] 81 root - INFO - Applying preprocessing object on training and testing dataframe
[ 2025-06-15 23:47:12,504 ] 93 root - INFO - saved preprocessing object
[ 2025-06-15 23:47:58,271 ] 25 root - INFO - Entered the data ingestion method or component
[ 2025-06-15 23:47:58,274 ] 28 root - INFO - Read the dataset as dataframe
[ 2025-06-15 23:47:58,279 ] 34 root - INFO - train test split initiated
[ 2025-06-15 23:47:58,285 ] 40 root - INFO - ingestion of the data is completed
[ 2025-06-15 23:47:58,309 ] 66 root - INFO - Read train and test data completed
[ 2025-06-15 23:47:58,309 ] 68 root - INFO - Obtaining preprocessing object
[ 2025-06-15 23:47:58,309 ] 46 root - INFO - Numerical columns encoding completed
[ 2025-06-15 23:47:58,309 ] 47 root - INFO - Categorical columns encoding completed
[ 2025-06-15 23:47:58,310 ] 81 root - INFO - Applying preprocessing object on training and testing dataframe
[ 2025-06-15 23:47:58,322 ] 93 root - INFO - saved preprocessing object
